Построение начато 07.10.2017 20:57:25.
     1>Проект "C:\Users\usera\Documents\Visual Studio 2012\Projects\2.4-3.5 TechnProg\lab_5 (1) - file-iterator\lab_5 (1) - file-iterator\lab_5 (1) - file-iterator.vcxproj" в узле 2 (целевые объекты Build).
     1>ClCompile:
         D:\Microsoft Visual Studio 11.0\VC\bin\CL.exe /c /ZI /nologo /W3 /WX- /Od /Oy- /D WIN32 /D _DEBUG /D _CONSOLE /D _UNICODE /D UNICODE /Gm /EHsc /RTC1 /MDd /GS /fp:precise /Zc:wchar_t /Zc:forScope /Fo"Debug\\" /Fd"Debug\vc110.pdb" /Gd /TP /analyze- /errorReport:prompt FileIterator.cpp main.cpp
         main.cpp
         FileIterator.cpp
         Создание кода...
       Link:
         D:\Microsoft Visual Studio 11.0\VC\bin\link.exe /ERRORREPORT:PROMPT /OUT:"C:\Users\usera\Documents\Visual Studio 2012\Projects\2.4-3.5 TechnProg\lab_5 (1) - file-iterator\Debug\lab_5 (1) - file-iterator.exe" /INCREMENTAL /NOLOGO kernel32.lib user32.lib gdi32.lib winspool.lib comdlg32.lib advapi32.lib shell32.lib ole32.lib oleaut32.lib uuid.lib odbc32.lib odbccp32.lib /MANIFEST /MANIFESTUAC:"level='asInvoker' uiAccess='false'" /manifest:embed /DEBUG /PDB:"C:\Users\usera\Documents\Visual Studio 2012\Projects\2.4-3.5 TechnProg\lab_5 (1) - file-iterator\Debug\lab_5 (1) - file-iterator.pdb" /SUBSYSTEM:CONSOLE /TLBID:1 /DYNAMICBASE /NXCOMPAT /IMPLIB:"C:\Users\usera\Documents\Visual Studio 2012\Projects\2.4-3.5 TechnProg\lab_5 (1) - file-iterator\Debug\lab_5 (1) - file-iterator.lib" /MACHINE:X86 Debug\FileIterator.obj
         Debug\main.obj
     1>FileIterator.obj : error LNK2019: ссылка на неразрешенный внешний символ "private: class FileItem * __thiscall FileIterator::doSearch(void)" (?doSearch@FileIterator@@AAEPAVFileItem@@XZ) в функции "public: bool __thiscall FileIterator::hasMore(void)" (?hasMore@FileIterator@@QAE_NXZ)
     1>C:\Users\usera\Documents\Visual Studio 2012\Projects\2.4-3.5 TechnProg\lab_5 (1) - file-iterator\Debug\lab_5 (1) - file-iterator.exe : fatal error LNK1120: неразрешенных внешних элементов: 1
     1>Построение проекта "C:\Users\usera\Documents\Visual Studio 2012\Projects\2.4-3.5 TechnProg\lab_5 (1) - file-iterator\lab_5 (1) - file-iterator\lab_5 (1) - file-iterator.vcxproj" завершено (целевые объекты Build) с ошибкой.

Сбой построения.

Затраченное время: 00:00:07.86
